  Ptr.c
C:\Users\Keendaj\source\repos\Ptr\Ptr\Ptr.c(9,9): warning C4477: "printf": в строке форматирования "%d" требуется аргумент типа "int", но вариативный аргумент "2" имеет тип "size_t"
C:\Users\Keendaj\source\repos\Ptr\Ptr\Ptr.c(9,9): message : рекомендуется использовать "%zd" в строке форматирования
C:\Users\Keendaj\source\repos\Ptr\Ptr\Ptr.c(10,9): warning C4477: "printf": в строке форматирования "%d" требуется аргумент типа "int", но вариативный аргумент "2" имеет тип "size_t"
C:\Users\Keendaj\source\repos\Ptr\Ptr\Ptr.c(10,9): message : рекомендуется использовать "%zd" в строке форматирования
C:\Users\Keendaj\source\repos\Ptr\Ptr\Ptr.c(11,9): warning C4477: "printf": в строке форматирования "%d" требуется аргумент типа "int", но вариативный аргумент "2" имеет тип "size_t"
C:\Users\Keendaj\source\repos\Ptr\Ptr\Ptr.c(11,9): message : рекомендуется использовать "%zd" в строке форматирования
C:\Users\Keendaj\source\repos\Ptr\Ptr\Ptr.c(12,9): warning C4477: "printf": в строке форматирования "%d" требуется аргумент типа "int", но вариативный аргумент "2" имеет тип "size_t"
C:\Users\Keendaj\source\repos\Ptr\Ptr\Ptr.c(12,9): message : рекомендуется использовать "%zd" в строке форматирования
C:\Users\Keendaj\source\repos\Ptr\Ptr\Ptr.c(17,9): warning C4477: "printf": в строке форматирования "%d" требуется аргумент типа "int", но вариативный аргумент "2" имеет тип "size_t"
C:\Users\Keendaj\source\repos\Ptr\Ptr\Ptr.c(17,9): message : рекомендуется использовать "%zd" в строке форматирования
C:\Users\Keendaj\source\repos\Ptr\Ptr\Ptr.c(18,9): warning C4477: "printf": в строке форматирования "%d" требуется аргумент типа "int", но вариативный аргумент "2" имеет тип "size_t"
C:\Users\Keendaj\source\repos\Ptr\Ptr\Ptr.c(18,9): message : рекомендуется использовать "%zd" в строке форматирования
C:\Users\Keendaj\source\repos\Ptr\Ptr\Ptr.c(19,9): warning C4477: "printf": в строке форматирования "%d" требуется аргумент типа "int", но вариативный аргумент "2" имеет тип "size_t"
C:\Users\Keendaj\source\repos\Ptr\Ptr\Ptr.c(19,9): message : рекомендуется использовать "%zd" в строке форматирования
C:\Users\Keendaj\source\repos\Ptr\Ptr\Ptr.c(20,9): warning C4477: "printf": в строке форматирования "%d" требуется аргумент типа "int", но вариативный аргумент "2" имеет тип "size_t"
C:\Users\Keendaj\source\repos\Ptr\Ptr\Ptr.c(20,9): message : рекомендуется использовать "%zd" в строке форматирования
C:\Users\Keendaj\source\repos\Ptr\Ptr\Ptr.c(73,4): warning C4047: =: "int *" отличается по уровням косвенного обращения от "int"
C:\Users\Keendaj\source\repos\Ptr\Ptr\Ptr.c(75,5): warning C4047: =: "int" отличается по уровням косвенного обращения от "int *"
C:\Users\Keendaj\source\repos\Ptr\Ptr\Ptr.c(81,4): warning C4047: =: "int *" отличается по уровням косвенного обращения от "int"
C:\Users\Keendaj\source\repos\Ptr\Ptr\Ptr.c(83,5): warning C4047: =: "int" отличается по уровням косвенного обращения от "int *"
  Ptr.vcxproj -> C:\Users\Keendaj\source\repos\Ptr\x64\Debug\Ptr.exe
